[2025-03-05 11:33:35] [ERROR] Statischer Asset-Pfad: themes/default/assets/js/script.js {"file":"\/homepages\/38\/d4298831632\/htdocs\/marques\/system\/core\/router.class.php","line":58}
[2025-03-05 11:33:36] [ERROR] Statischer Asset-Pfad: themes/default/assets/js/script.js {"file":"\/homepages\/38\/d4298831632\/htdocs\/marques\/system\/core\/router.class.php","line":58}
[2025-03-05 11:33:36] [ERROR] Statischer Asset-Pfad: themes/default/assets/js/script.js {"file":"\/homepages\/38\/d4298831632\/htdocs\/marques\/system\/core\/router.class.php","line":58}
[2025-03-05 11:33:37] [ERROR] Statischer Asset-Pfad: themes/default/assets/js/script.js {"file":"\/homepages\/38\/d4298831632\/htdocs\/marques\/system\/core\/router.class.php","line":58}
[2025-03-05 11:33:37] [ERROR] Statischer Asset-Pfad: themes/default/assets/js/script.js {"file":"\/homepages\/38\/d4298831632\/htdocs\/marques\/system\/core\/router.class.php","line":58}
[2025-03-05 11:33:37] [ERROR] Statischer Asset-Pfad: themes/default/assets/js/script.js {"file":"\/homepages\/38\/d4298831632\/htdocs\/marques\/system\/core\/router.class.php","line":58}
[2025-03-05 11:33:39] [ERROR] Statischer Asset-Pfad: themes/default/assets/js/script.js {"file":"\/homepages\/38\/d4298831632\/htdocs\/marques\/system\/core\/router.class.php","line":58}
[2025-03-05 11:33:40] [ERROR] Statischer Asset-Pfad: themes/default/assets/js/script.js {"file":"\/homepages\/38\/d4298831632\/htdocs\/marques\/system\/core\/router.class.php","line":58}
[2025-03-05 11:33:41] [ERROR] Statischer Asset-Pfad: themes/default/assets/js/script.js {"file":"\/homepages\/38\/d4298831632\/htdocs\/marques\/system\/core\/router.class.php","line":58}
[2025-03-05 11:33:42] [ERROR] Statischer Asset-Pfad: themes/default/assets/js/script.js {"file":"\/homepages\/38\/d4298831632\/htdocs\/marques\/system\/core\/router.class.php","line":58}
[2025-03-05 11:33:44] [ERROR] Ungültiger Pfad: favicon.ico {"file":"\/homepages\/38\/d4298831632\/htdocs\/marques\/system\/core\/router.class.php","line":63}
[2025-03-05 11:36:49] [ERROR] Statischer Asset-Pfad: themes/default/assets/js/script.js {"file":"\/homepages\/38\/d4298831632\/htdocs\/marques\/system\/core\/router.class.php","line":58}
[2025-03-05 11:36:50] [ERROR] Statischer Asset-Pfad: themes/default/assets/js/script.js {"file":"\/homepages\/38\/d4298831632\/htdocs\/marques\/system\/core\/router.class.php","line":58}
[2025-03-05 11:36:51] [ERROR] Statischer Asset-Pfad: themes/default/assets/js/script.js {"file":"\/homepages\/38\/d4298831632\/htdocs\/marques\/system\/core\/router.class.php","line":58}
[2025-03-05 11:36:51] [ERROR] Statischer Asset-Pfad: themes/default/assets/js/script.js {"file":"\/homepages\/38\/d4298831632\/htdocs\/marques\/system\/core\/router.class.php","line":58}
[2025-03-05 11:36:52] [ERROR] Statischer Asset-Pfad: themes/default/assets/js/script.js {"file":"\/homepages\/38\/d4298831632\/htdocs\/marques\/system\/core\/router.class.php","line":58}
[2025-03-05 11:36:52] [ERROR] Statischer Asset-Pfad: themes/default/assets/js/script.js {"file":"\/homepages\/38\/d4298831632\/htdocs\/marques\/system\/core\/router.class.php","line":58}
[2025-03-05 11:36:53] [ERROR] Statischer Asset-Pfad: themes/default/assets/js/script.js {"file":"\/homepages\/38\/d4298831632\/htdocs\/marques\/system\/core\/router.class.php","line":58}
[2025-03-05 11:56:17] [ERROR] Statischer Asset-Pfad: themes/default/assets/js/script.js {"file":"\/homepages\/38\/d4298831632\/htdocs\/marques\/system\/core\/Router.class.php","line":58}
[2025-03-05 11:56:17] [ERROR] Statischer Asset-Pfad: themes/default/assets/js/script.js {"file":"\/homepages\/38\/d4298831632\/htdocs\/marques\/system\/core\/Router.class.php","line":58}
[2025-03-05 11:56:18] [ERROR] Statischer Asset-Pfad: themes/default/assets/js/script.js {"file":"\/homepages\/38\/d4298831632\/htdocs\/marques\/system\/core\/Router.class.php","line":58}
[2025-03-05 11:57:13] [ERROR] Ungültiger Pfad: favicon.ico {"file":"\/homepages\/38\/d4298831632\/htdocs\/marques\/system\/core\/Router.class.php","line":63}
[2025-03-05 12:00:10] [ERROR] Ungültiger Pfad: favicon.ico {"file":"\/homepages\/38\/d4298831632\/htdocs\/marques\/system\/core\/Router.class.php","line":63}
[2025-03-05 12:00:10] [ERROR] Ungültiger Pfad: favicon.ico {"file":"\/homepages\/38\/d4298831632\/htdocs\/marques\/system\/core\/Router.class.php","line":63}
[2025-03-05 12:00:13] [ERROR] Statischer Asset-Pfad: themes/default/assets/js/script.js {"file":"\/homepages\/38\/d4298831632\/htdocs\/marques\/system\/core\/Router.class.php","line":58}
[2025-03-05 12:00:14] [ERROR] Statischer Asset-Pfad: themes/default/assets/js/script.js {"file":"\/homepages\/38\/d4298831632\/htdocs\/marques\/system\/core\/Router.class.php","line":58}
[2025-03-05 12:00:14] [ERROR] Statischer Asset-Pfad: themes/default/assets/js/script.js {"file":"\/homepages\/38\/d4298831632\/htdocs\/marques\/system\/core\/Router.class.php","line":58}
[2025-03-05 12:00:15] [ERROR] Statischer Asset-Pfad: themes/default/assets/js/script.js {"file":"\/homepages\/38\/d4298831632\/htdocs\/marques\/system\/core\/Router.class.php","line":58}
[2025-03-05 12:00:15] [ERROR] Statischer Asset-Pfad: themes/default/assets/js/script.js {"file":"\/homepages\/38\/d4298831632\/htdocs\/marques\/system\/core\/Router.class.php","line":58}
[2025-03-05 12:00:16] [ERROR] Statischer Asset-Pfad: themes/default/assets/js/script.js {"file":"\/homepages\/38\/d4298831632\/htdocs\/marques\/system\/core\/Router.class.php","line":58}
[2025-03-05 12:00:16] [ERROR] Statischer Asset-Pfad: themes/default/assets/js/script.js {"file":"\/homepages\/38\/d4298831632\/htdocs\/marques\/system\/core\/Router.class.php","line":58}
[2025-03-05 12:00:17] [ERROR] Statischer Asset-Pfad: themes/default/assets/js/script.js {"file":"\/homepages\/38\/d4298831632\/htdocs\/marques\/system\/core\/Router.class.php","line":58}
[2025-03-05 12:00:17] [ERROR] Statischer Asset-Pfad: themes/default/assets/js/script.js {"file":"\/homepages\/38\/d4298831632\/htdocs\/marques\/system\/core\/Router.class.php","line":58}
[2025-03-05 12:00:18] [ERROR] Statischer Asset-Pfad: themes/default/assets/js/script.js {"file":"\/homepages\/38\/d4298831632\/htdocs\/marques\/system\/core\/Router.class.php","line":58}
[2025-03-05 12:00:19] [ERROR] Statischer Asset-Pfad: themes/default/assets/js/script.js {"file":"\/homepages\/38\/d4298831632\/htdocs\/marques\/system\/core\/Router.class.php","line":58}
[2025-03-05 12:00:25] [ERROR] Statischer Asset-Pfad: themes/default/assets/js/script.js {"file":"\/homepages\/38\/d4298831632\/htdocs\/marques\/system\/core\/Router.class.php","line":58}
[2025-03-05 12:09:55] [ERROR] Ungültiger Pfad: th1s_1s_a_4o4.html {"file":"\/homepages\/38\/d4298831632\/htdocs\/marques\/system\/core\/Router.class.php","line":63}
[2025-03-05 12:09:56] [ERROR] Statischer Asset-Pfad: themes/default/assets/js/script.js {"file":"\/homepages\/38\/d4298831632\/htdocs\/marques\/system\/core\/Router.class.php","line":58}
[2025-03-05 12:09:59] [ERROR] Seite nicht gefunden: blog {"file":"\/homepages\/38\/d4298831632\/htdocs\/marques\/system\/core\/Router.class.php","line":230}
[2025-03-05 12:09:59] [ERROR] Seite nicht gefunden: blog {"file":"\/homepages\/38\/d4298831632\/htdocs\/marques\/system\/core\/Router.class.php","line":230}
[2025-03-05 12:10:00] [ERROR] Seite nicht gefunden: blog {"file":"\/homepages\/38\/d4298831632\/htdocs\/marques\/system\/core\/Router.class.php","line":230}
[2025-03-05 12:10:01] [ERROR] Statischer Asset-Pfad: themes/default/assets/js/script.js {"file":"\/homepages\/38\/d4298831632\/htdocs\/marques\/system\/core\/Router.class.php","line":58}
[2025-03-05 12:10:04] [ERROR] Statischer Asset-Pfad: assets/css/main-style.css {"file":"\/homepages\/38\/d4298831632\/htdocs\/marques\/system\/core\/Router.class.php","line":58}
[2025-03-05 12:10:04] [ERROR] Seite nicht gefunden: blog {"file":"\/homepages\/38\/d4298831632\/htdocs\/marques\/system\/core\/Router.class.php","line":230}
[2025-03-05 12:10:05] [ERROR] Seite nicht gefunden: blog {"file":"\/homepages\/38\/d4298831632\/htdocs\/marques\/system\/core\/Router.class.php","line":230}
[2025-03-05 12:10:06] [ERROR] Seite nicht gefunden: blog {"file":"\/homepages\/38\/d4298831632\/htdocs\/marques\/system\/core\/Router.class.php","line":230}
[2025-03-05 12:10:07] [ERROR] Seite nicht gefunden: blog {"file":"\/homepages\/38\/d4298831632\/htdocs\/marques\/system\/core\/Router.class.php","line":230}
[2025-03-05 12:10:07] [ERROR] Seite nicht gefunden: blog {"file":"\/homepages\/38\/d4298831632\/htdocs\/marques\/system\/core\/Router.class.php","line":230}
[2025-03-05 12:10:52] [ERROR] Ungültiger Pfad: favicon.ico {"file":"\/homepages\/38\/d4298831632\/htdocs\/marques\/system\/core\/Router.class.php","line":63}
[2025-03-05 13:20:05] [ERROR] Seite nicht gefunden: blog {"file":"\/homepages\/38\/d4298831632\/htdocs\/marques\/system\/core\/Router.class.php","line":230}
[2025-03-05 13:23:03] [ERROR] Statischer Asset-Pfad: themes/default/assets/js/script.js {"file":"\/homepages\/38\/d4298831632\/htdocs\/marques\/system\/core\/Router.class.php","line":58}
[2025-03-05 13:23:15] [ERROR] Statischer Asset-Pfad: themes/default/assets/js/script.js {"file":"\/homepages\/38\/d4298831632\/htdocs\/marques\/system\/core\/Router.class.php","line":58}
[2025-03-05 13:23:16] [ERROR] Statischer Asset-Pfad: themes/default/assets/js/script.js {"file":"\/homepages\/38\/d4298831632\/htdocs\/marques\/system\/core\/Router.class.php","line":58}
[2025-03-05 13:23:17] [ERROR] Statischer Asset-Pfad: themes/default/assets/js/script.js {"file":"\/homepages\/38\/d4298831632\/htdocs\/marques\/system\/core\/Router.class.php","line":58}
[2025-03-05 13:23:18] [ERROR] Statischer Asset-Pfad: themes/default/assets/js/script.js {"file":"\/homepages\/38\/d4298831632\/htdocs\/marques\/system\/core\/Router.class.php","line":58}
[2025-03-05 13:23:18] [ERROR] Statischer Asset-Pfad: themes/default/assets/js/script.js {"file":"\/homepages\/38\/d4298831632\/htdocs\/marques\/system\/core\/Router.class.php","line":58}
[2025-03-05 13:23:24] [ERROR] Seite nicht gefunden: blog/2025-03-03/test2231 {"file":"\/homepages\/38\/d4298831632\/htdocs\/marques\/system\/core\/Router.class.php","line":230}
[2025-03-05 13:23:26] [ERROR] Statischer Asset-Pfad: themes/default/assets/js/script.js {"file":"\/homepages\/38\/d4298831632\/htdocs\/marques\/system\/core\/Router.class.php","line":58}
[2025-03-05 13:23:26] [ERROR] Statischer Asset-Pfad: themes/default/assets/js/script.js {"file":"\/homepages\/38\/d4298831632\/htdocs\/marques\/system\/core\/Router.class.php","line":58}
[2025-03-05 13:23:26] [ERROR] Statischer Asset-Pfad: themes/default/assets/js/script.js {"file":"\/homepages\/38\/d4298831632\/htdocs\/marques\/system\/core\/Router.class.php","line":58}
[2025-03-05 13:23:30] [ERROR] Ungültiger Pfad: favicon.ico {"file":"\/homepages\/38\/d4298831632\/htdocs\/marques\/system\/core\/Router.class.php","line":63}
[2025-03-05 13:25:29] [ERROR] Statischer Asset-Pfad: themes/default/assets/js/script.js {"file":"\/homepages\/38\/d4298831632\/htdocs\/marques\/system\/core\/Router.class.php","line":58}
[2025-03-05 13:25:41] [ERROR] Statischer Asset-Pfad: themes/default/assets/js/script.js {"file":"\/homepages\/38\/d4298831632\/htdocs\/marques\/system\/core\/Router.class.php","line":58}
[2025-03-05 13:25:41] [ERROR] Statischer Asset-Pfad: themes/default/assets/js/script.js {"file":"\/homepages\/38\/d4298831632\/htdocs\/marques\/system\/core\/Router.class.php","line":58}
[2025-03-05 13:25:42] [ERROR] Statischer Asset-Pfad: themes/default/assets/js/script.js {"file":"\/homepages\/38\/d4298831632\/htdocs\/marques\/system\/core\/Router.class.php","line":58}
[2025-03-05 13:25:42] [ERROR] Statischer Asset-Pfad: themes/default/assets/js/script.js {"file":"\/homepages\/38\/d4298831632\/htdocs\/marques\/system\/core\/Router.class.php","line":58}
[2025-03-05 13:26:18] [ERROR] Statischer Asset-Pfad: themes/SuperBlog/assets/js/script.js {"file":"\/homepages\/38\/d4298831632\/htdocs\/marques\/system\/core\/Router.class.php","line":58}
[2025-03-05 13:26:19] [ERROR] Statischer Asset-Pfad: themes/SuperBlog/assets/js/script.js {"file":"\/homepages\/38\/d4298831632\/htdocs\/marques\/system\/core\/Router.class.php","line":58}
[2025-03-05 13:26:19] [ERROR] Statischer Asset-Pfad: themes/SuperBlog/assets/js/script.js {"file":"\/homepages\/38\/d4298831632\/htdocs\/marques\/system\/core\/Router.class.php","line":58}
[2025-03-05 13:26:19] [ERROR] Statischer Asset-Pfad: themes/SuperBlog/assets/js/script.js {"file":"\/homepages\/38\/d4298831632\/htdocs\/marques\/system\/core\/Router.class.php","line":58}
[2025-03-05 13:26:21] [ERROR] Statischer Asset-Pfad: themes/SuperBlog/assets/js/script.js {"file":"\/homepages\/38\/d4298831632\/htdocs\/marques\/system\/core\/Router.class.php","line":58}
[2025-03-05 13:26:21] [ERROR] Statischer Asset-Pfad: themes/SuperBlog/assets/js/script.js {"file":"\/homepages\/38\/d4298831632\/htdocs\/marques\/system\/core\/Router.class.php","line":58}
[2025-03-05 14:16:22] [ERROR] Statischer Asset-Pfad: themes/default/assets/js/script.js {"file":"\/homepages\/38\/d4298831632\/htdocs\/marques\/system\/core\/Router.class.php","line":58}
[2025-03-05 14:16:22] [ERROR] Statischer Asset-Pfad: themes/default/assets/js/script.js {"file":"\/homepages\/38\/d4298831632\/htdocs\/marques\/system\/core\/Router.class.php","line":58}
[2025-03-05 14:16:26] [ERROR] Ungültiger Pfad: robots.txt {"file":"\/homepages\/38\/d4298831632\/htdocs\/marques\/system\/core\/Router.class.php","line":63}
[2025-03-05 14:16:26] [ERROR] Ungültiger Pfad: robots.txt {"file":"\/homepages\/38\/d4298831632\/htdocs\/marques\/system\/core\/Router.class.php","line":63}
[2025-03-05 14:18:22] [ERROR] Statischer Asset-Pfad: themes/default/assets/js/script.js {"file":"\/homepages\/38\/d4298831632\/htdocs\/marques\/system\/core\/Router.class.php","line":58}
[2025-03-05 14:18:22] [ERROR] Statischer Asset-Pfad: themes/default/assets/js/script.js {"file":"\/homepages\/38\/d4298831632\/htdocs\/marques\/system\/core\/Router.class.php","line":58}
[2025-03-05 14:18:22] [ERROR] Statischer Asset-Pfad: themes/default/assets/js/script.js {"file":"\/homepages\/38\/d4298831632\/htdocs\/marques\/system\/core\/Router.class.php","line":58}
[2025-03-05 14:19:37] [ERROR] Statischer Asset-Pfad: themes/default/assets/js/script.js {"file":"\/homepages\/38\/d4298831632\/htdocs\/marques\/system\/core\/Router.class.php","line":58}
[2025-03-05 14:19:37] [ERROR] Statischer Asset-Pfad: themes/default/assets/js/script.js {"file":"\/homepages\/38\/d4298831632\/htdocs\/marques\/system\/core\/Router.class.php","line":58}
[2025-03-05 14:19:39] [ERROR] Statischer Asset-Pfad: themes/default/assets/js/script.js {"file":"\/homepages\/38\/d4298831632\/htdocs\/marques\/system\/core\/Router.class.php","line":58}
[2025-03-05 14:19:40] [ERROR] Statischer Asset-Pfad: themes/default/assets/js/script.js {"file":"\/homepages\/38\/d4298831632\/htdocs\/marques\/system\/core\/Router.class.php","line":58}
[2025-03-05 14:19:42] [ERROR] Ungültiger Pfad: robots.txt {"file":"\/homepages\/38\/d4298831632\/htdocs\/marques\/system\/core\/Router.class.php","line":63}
[2025-03-05 14:19:43] [ERROR] Ungültiger Pfad: robots.txt {"file":"\/homepages\/38\/d4298831632\/htdocs\/marques\/system\/core\/Router.class.php","line":63}
[2025-03-05 14:19:48] [ERROR] Statischer Asset-Pfad: themes/default/assets/js/script.js {"file":"\/homepages\/38\/d4298831632\/htdocs\/marques\/system\/core\/Router.class.php","line":58}
[2025-03-05 14:19:48] [ERROR] Statischer Asset-Pfad: themes/default/assets/js/script.js {"file":"\/homepages\/38\/d4298831632\/htdocs\/marques\/system\/core\/Router.class.php","line":58}
[2025-03-05 14:20:02] [ERROR] Statischer Asset-Pfad: themes/default/assets/js/script.js {"file":"\/homepages\/38\/d4298831632\/htdocs\/marques\/system\/core\/Router.class.php","line":58}
[2025-03-05 14:20:14] [ERROR] Statischer Asset-Pfad: themes/default/assets/js/script.js {"file":"\/homepages\/38\/d4298831632\/htdocs\/marques\/system\/core\/Router.class.php","line":58}
[2025-03-05 14:20:17] [ERROR] Ungültiger Pfad: robots.txt {"file":"\/homepages\/38\/d4298831632\/htdocs\/marques\/system\/core\/Router.class.php","line":63}
[2025-03-05 14:20:24] [ERROR] Statischer Asset-Pfad: themes/default/assets/js/script.js {"file":"\/homepages\/38\/d4298831632\/htdocs\/marques\/system\/core\/Router.class.php","line":58}
[2025-03-05 15:57:27] [ERROR] Seite nicht gefunden: test2 {"file":"\/homepages\/38\/d4298831632\/htdocs\/marques\/system\/core\/Router.class.php","line":230}
[2025-03-05 16:53:30] [ERROR] Statischer Asset-Pfad: themes/default/assets/js/script.js {"file":"\/homepages\/38\/d4298831632\/htdocs\/marques\/system\/core\/Router.class.php","line":58}
[2025-03-05 16:53:34] [ERROR] Statischer Asset-Pfad: themes/default/assets/js/script.js {"file":"\/homepages\/38\/d4298831632\/htdocs\/marques\/system\/core\/Router.class.php","line":58}
[2025-03-05 16:53:35] [ERROR] Statischer Asset-Pfad: themes/default/assets/js/script.js {"file":"\/homepages\/38\/d4298831632\/htdocs\/marques\/system\/core\/Router.class.php","line":58}
[2025-03-05 16:53:36] [ERROR] Statischer Asset-Pfad: themes/default/assets/js/script.js {"file":"\/homepages\/38\/d4298831632\/htdocs\/marques\/system\/core\/Router.class.php","line":58}
[2025-03-05 19:04:37] [ERROR] Ungültiger Pfad: %3Cbr%20/%3E%3Cb%3EWarning%3C/b%3E:%20%20Undefined%20variable%20$file%20in%20%3Cb%3E/homepages/38/d4298831632/htdocs/marques/system/core/ThemeManager.class.php%3C/b%3E%20on%20line%20%3Cb%3E82%3C/b%3E%3Cbr%20/%3Ehttps://faktenfront.de/themes/default/assets {"file":"\/homepages\/38\/d4298831632\/htdocs\/marques\/system\/core\/Router.class.php","line":65}
[2025-03-05 19:04:39] [ERROR] Ungültiger Pfad: %3Cbr%20/%3E%3Cb%3EWarning%3C/b%3E:%20%20Undefined%20variable%20$file%20in%20%3Cb%3E/homepages/38/d4298831632/htdocs/marques/system/core/ThemeManager.class.php%3C/b%3E%20on%20line%20%3Cb%3E82%3C/b%3E%3Cbr%20/%3Ehttps://faktenfront.de/themes/default/assets {"file":"\/homepages\/38\/d4298831632\/htdocs\/marques\/system\/core\/Router.class.php","line":65}
[2025-03-05 19:06:05] [ERROR] Statischer Asset-Pfad: themes/default/assets/js/script.js {"file":"\/homepages\/38\/d4298831632\/htdocs\/marques\/system\/core\/Router.class.php","line":60}
[2025-03-05 19:06:09] [ERROR] Statischer Asset-Pfad: themes/default/assets/js/script.js {"file":"\/homepages\/38\/d4298831632\/htdocs\/marques\/system\/core\/Router.class.php","line":60}
[2025-03-05 19:06:10] [ERROR] Statischer Asset-Pfad: themes/default/assets/js/script.js {"file":"\/homepages\/38\/d4298831632\/htdocs\/marques\/system\/core\/Router.class.php","line":60}
[2025-03-05 19:06:20] [ERROR] Statischer Asset-Pfad: themes/default/assets/js/script.js {"file":"\/homepages\/38\/d4298831632\/htdocs\/marques\/system\/core\/Router.class.php","line":60}
[2025-03-05 19:06:20] [ERROR] Statischer Asset-Pfad: themes/default/assets/js/script.js {"file":"\/homepages\/38\/d4298831632\/htdocs\/marques\/system\/core\/Router.class.php","line":60}
[2025-03-05 19:20:33] [ERROR] Ungültiger Pfad: favicon.ico {"file":"\/homepages\/38\/d4298831632\/htdocs\/marques\/system\/core\/Router.class.php","line":65}
[2025-03-05 19:25:56] [ERROR] Ungültiger Pfad: favicon.ico {"file":"\/homepages\/38\/d4298831632\/htdocs\/marques\/system\/core\/Router.class.php","line":65}
[2025-03-05 19:25:57] [ERROR] Ungültiger Pfad: favicon.ico {"file":"\/homepages\/38\/d4298831632\/htdocs\/marques\/system\/core\/Router.class.php","line":65}
[2025-03-05 19:26:16] [ERROR] Ungültiger Pfad: favicon.ico {"file":"\/homepages\/38\/d4298831632\/htdocs\/marques\/system\/core\/Router.class.php","line":65}
[2025-03-05 19:33:34] [ERROR] Ungültiger Pfad: favicon.ico {"file":"\/homepages\/38\/d4298831632\/htdocs\/marques\/system\/core\/Router.class.php","line":65}
[2025-03-05 19:33:34] [ERROR] Ungültiger Pfad: favicon.ico {"file":"\/homepages\/38\/d4298831632\/htdocs\/marques\/system\/core\/Router.class.php","line":65}
[2025-03-05 19:33:34] [ERROR] Ungültiger Pfad: favicon.ico {"file":"\/homepages\/38\/d4298831632\/htdocs\/marques\/system\/core\/Router.class.php","line":65}
[2025-03-05 19:33:43] [ERROR] Ungültiger Pfad: favicon.ico {"file":"\/homepages\/38\/d4298831632\/htdocs\/marques\/system\/core\/Router.class.php","line":65}
[2025-03-05 19:43:19] [ERROR] Ungültiger Pfad: favicon.ico {"file":"\/homepages\/38\/d4298831632\/htdocs\/marques\/system\/core\/Router.class.php","line":65}
[2025-03-05 19:43:19] [ERROR] Ungültiger Pfad: favicon.ico {"file":"\/homepages\/38\/d4298831632\/htdocs\/marques\/system\/core\/Router.class.php","line":65}
[2025-03-05 19:43:19] [ERROR] Ungültiger Pfad: favicon.ico {"file":"\/homepages\/38\/d4298831632\/htdocs\/marques\/system\/core\/Router.class.php","line":65}
[2025-03-05 19:43:19] [ERROR] Ungültiger Pfad: favicon.ico {"file":"\/homepages\/38\/d4298831632\/htdocs\/marques\/system\/core\/Router.class.php","line":65}
[2025-03-05 19:43:19] [ERROR] Ungültiger Pfad: favicon.ico {"file":"\/homepages\/38\/d4298831632\/htdocs\/marques\/system\/core\/Router.class.php","line":65}
[2025-03-05 19:45:29] [ERROR] Ungültiger Pfad: favicon.ico {"file":"\/homepages\/38\/d4298831632\/htdocs\/marques\/system\/core\/Router.class.php","line":65}
[2025-03-05 19:45:29] [ERROR] Ungültiger Pfad: favicon.ico {"file":"\/homepages\/38\/d4298831632\/htdocs\/marques\/system\/core\/Router.class.php","line":65}
[2025-03-05 19:54:41] [ERROR] Ungültiger Pfad: favicon.ico {"file":"\/homepages\/38\/d4298831632\/htdocs\/marques\/system\/core\/Router.class.php","line":65}
[2025-03-05 19:54:43] [ERROR] Ungültiger Pfad: favicon.ico {"file":"\/homepages\/38\/d4298831632\/htdocs\/marques\/system\/core\/Router.class.php","line":65}
[2025-03-05 19:54:43] [ERROR] Ungültiger Pfad: favicon.ico {"file":"\/homepages\/38\/d4298831632\/htdocs\/marques\/system\/core\/Router.class.php","line":65}
